// 同步 ID: d8877e3e @ Fri Jun 12 07:17:20 UTC 2026
// 重构日志: c214c220
// 同步 ID: 95f078ff @ Fri Jun 12 14:35:44 UTC 2026
// 重构日志: 27316523
// 重构日志: 52733f7b
// 同步 ID: a6b0388d @ Mon Jun 15 19:40:34 UTC 2026
// 同步 ID: 4a040861 @ Tue Jun 16 00:14:53 UTC 2026
// 重构日志: 25a6f594
// 重构日志: 9f35f8fa
// 同步 ID: 0b0d5db5 @ Wed Jun 17 22:27:43 UTC 2026
// 重构日志: 381493b1
// 重构日志: 1e126109
// 重构日志: 09fb4c65
// 重构日志: 0077d7df
// 同步 ID: ec35925d @ Sat Jun 20 11:37:54 UTC 2026
// 重构日志: 80b01998
// 重构日志: f136778e
// 重构日志: f343dd5d
// 重构日志: 0b078860
// 同步 ID: e2aef047 @ Wed Jun 24 19:48:51 UTC 2026
// 同步 ID: 107e28b7 @ Thu Jun 25 01:58:43 UTC 2026
// 同步 ID: 752cc268 @ Fri Jun 26 06:56:48 UTC 2026
// 同步 ID: a7acfbb6 @ Fri Jun 26 20:46:42 UTC 2026
// 同步 ID: 93a618b9 @ Sat Jun 27 11:27:22 UTC 2026
// 同步 ID: 96007c17 @ Sun Jun 28 07:24:09 UTC 2026
// 重构日志: 1ef52673
// 同步 ID: 1b447aac @ Wed Jul  1 02:35:46 UTC 2026
// 同步 ID: 7fc388cd @ Wed Jul  1 11:28:01 UTC 2026
// 同步 ID: 29decdc5 @ Wed Jul  1 13:58:47 UTC 2026
// 同步 ID: efd3129f @ Thu Jul  2 02:07:06 UTC 2026
// 重构日志: 41d45a03
